[2026-04-24 00:25:29] [31merror[39m: Firebase initialization failed: Failed to parse private key: Error: Invalid PEM formatted message.
[2026-04-24 00:26:21] [31merror[39m: Error: Expected property name or '}' in JSON at position 1 (line 1 column 2)
SyntaxError: Expected property name or '}' in JSON at position 1 (line 1 column 2)
    at JSON.parse (<anonymous>)
    at parse (P:\college\campussync\backend\node_modules\body-parser\lib\types\json.js:92:19)
    at P:\college\campussync\backend\node_modules\body-parser\lib\read.js:128:18
    at AsyncResource.runInAsyncScope (node:async_hooks:214:14)
    at invokeCallback (P:\college\campussync\backend\node_modules\raw-body\index.js:238:16)
    at done (P:\college\campussync\backend\node_modules\raw-body\index.js:227:7)
    at IncomingMessage.onEnd (P:\college\campussync\backend\node_modules\raw-body\index.js:287:7)
    at IncomingMessage.emit (node:events:519:28)
    at endReadableNT (node:internal/streams/readable:1698:12)
    at process.processTicksAndRejections (node:internal/process/task_queues:90:21)
[2026-04-24 00:26:27] [31merror[39m: Firebase initialization failed: Failed to parse private key: Error: Invalid PEM formatted message.
[2026-04-24 00:26:35] [31merror[39m: Firebase initialization failed: Failed to parse private key: Error: Invalid PEM formatted message.
[2026-04-24 01:03:30] [31merror[39m: Scheduler error (scheduled reminders): getaddrinfo ENOTFOUND ac-r9dzahj-shard-00-00.tor22fh.mongodb.net
[2026-04-24 01:04:30] [31merror[39m: Scheduler error (scheduled reminders): getaddrinfo ENOTFOUND ac-r9dzahj-shard-00-00.tor22fh.mongodb.net
[2026-04-25 14:08:38] [31merror[39m: Firebase initialization failed: Failed to parse private key: Error: Invalid PEM formatted message.
[2026-04-25 14:12:31] [31merror[39m: Firebase initialization failed: Failed to parse private key: Error: Invalid PEM formatted message.
[2026-04-25 16:19:00] [31merror[39m: Firebase initialization failed: Failed to parse private key: Error: Invalid PEM formatted message.
[2026-04-25 16:27:51] [31merror[39m: Firebase initialization failed: Failed to parse private key: Error: Invalid PEM formatted message.
[2026-04-25 17:06:52] [31merror[39m: Firebase initialization failed: Failed to parse private key: Error: Invalid PEM formatted message.
[2026-04-25 22:16:13] [31merror[39m: Firebase initialization failed: Failed to parse private key: Error: Invalid PEM formatted message.
[2026-04-25 22:16:37] [31merror[39m: Firebase initialization failed: Failed to parse private key: Error: Invalid PEM formatted message.
[2026-04-25 22:17:14] [31merror[39m: Firebase initialization failed: Failed to parse private key: Error: Invalid PEM formatted message.
[2026-04-25 22:22:52] [31merror[39m: Firebase initialization failed: Failed to parse private key: Error: Invalid PEM formatted message.
[2026-04-25 22:23:26] [31merror[39m: Firebase initialization failed: Failed to parse private key: Error: Invalid PEM formatted message.
[2026-04-25 22:25:27] [31merror[39m: Firebase initialization failed: Failed to parse private key: Error: Invalid PEM formatted message.
[2026-04-25 22:29:54] [31merror[39m: Firebase initialization failed: Failed to parse private key: Error: Invalid PEM formatted message.
[2026-04-25 22:34:21] [31merror[39m: Firebase initialization failed: Failed to parse private key: Error: Invalid PEM formatted message.
[2026-04-25 22:40:20] [31merror[39m: Firebase initialization failed: Failed to parse private key: Error: Invalid PEM formatted message.
[2026-04-25 22:43:34] [31merror[39m: Firebase initialization failed: Failed to parse private key: Error: Invalid PEM formatted message.
[2026-04-25 22:49:03] [31merror[39m: Firebase initialization failed: Failed to parse private key: Error: Invalid PEM formatted message.
[2026-04-25 22:54:24] [31merror[39m: Firebase initialization failed: Failed to parse private key: Error: Invalid PEM formatted message.
[2026-04-25 23:03:09] [31merror[39m: Firebase initialization failed: Failed to parse private key: Error: Invalid PEM formatted message.
[2026-04-25 23:03:19] [31merror[39m: Firebase initialization failed: Failed to parse private key: Error: Invalid PEM formatted message.
[2026-04-25 23:03:51] [31merror[39m: Firebase initialization failed: Failed to parse private key: Error: Invalid PEM formatted message.
[2026-04-25 23:05:05] [31merror[39m: Firebase initialization failed: Failed to parse private key: Error: Invalid PEM formatted message.
[2026-04-25 23:06:09] [31merror[39m: Firebase initialization failed: Failed to parse private key: Error: Invalid PEM formatted message.
[2026-04-25 23:07:49] [31merror[39m: Firebase initialization failed: Failed to parse private key: Error: Invalid PEM formatted message.
[2026-04-25 23:19:30] [31merror[39m: Firebase initialization failed: Failed to parse private key: Error: Invalid PEM formatted message.
[2026-04-25 23:20:32] [31merror[39m: Firebase initialization failed: Failed to parse private key: Error: Invalid PEM formatted message.
[2026-04-25 23:20:38] [31merror[39m: Firebase initialization failed: Failed to parse private key: Error: Invalid PEM formatted message.
[2026-04-25 23:20:50] [31merror[39m: Firebase initialization failed: Failed to parse private key: Error: Invalid PEM formatted message.
[2026-04-25 23:21:11] [31merror[39m: Firebase initialization failed: Failed to parse private key: Error: Invalid PEM formatted message.
[2026-04-25 23:21:25] [31merror[39m: Firebase initialization failed: Failed to parse private key: Error: Invalid PEM formatted message.
[2026-04-25 23:23:39] [31merror[39m: Firebase initialization failed: Failed to parse private key: Error: Invalid PEM formatted message.
[2026-04-25 23:42:59] [31merror[39m: Firebase initialization failed: Failed to parse private key: Error: Invalid PEM formatted message.
[2026-04-25 23:44:01] [31merror[39m: Firebase initialization failed: Failed to parse private key: Error: Invalid PEM formatted message.
[2026-04-25 23:47:30] [31merror[39m: Scheduler error (scheduled reminders): getaddrinfo ENOTFOUND ac-r9dzahj-shard-00-00.tor22fh.mongodb.net
[2026-04-25 23:48:30] [31merror[39m: Scheduler error (scheduled reminders): getaddrinfo ENOTFOUND ac-r9dzahj-shard-00-00.tor22fh.mongodb.net
[2026-04-25 23:52:13] [31merror[39m: Firebase initialization failed: Failed to parse private key: Error: Invalid PEM formatted message.
[2026-04-25 23:53:41] [31merror[39m: Firebase initialization failed: Failed to parse private key: Error: Invalid PEM formatted message.
[2026-04-25 23:53:48] [31merror[39m: Firebase initialization failed: Failed to parse private key: Error: Invalid PEM formatted message.
[2026-04-25 23:54:28] [31merror[39m: Firebase initialization failed: Failed to parse private key: Error: Invalid PEM formatted message.
[2026-04-25 23:55:39] [31merror[39m: Firebase initialization failed: Failed to parse private key: Error: Invalid PEM formatted message.
[2026-04-26 00:03:38] [31merror[39m: Firebase initialization failed: Failed to parse private key: Error: Invalid PEM formatted message.
[2026-04-26 00:04:04] [31merror[39m: Firebase initialization failed: Failed to parse private key: Error: Invalid PEM formatted message.
[2026-04-26 00:08:10] [31merror[39m: Firebase initialization failed: Failed to parse private key: Error: Invalid PEM formatted message.
[2026-04-26 00:19:47] [31merror[39m: Firebase initialization failed: Failed to parse private key: Error: Invalid PEM formatted message.
[2026-04-26 00:22:09] [31merror[39m: Firebase initialization failed: Failed to parse private key: Error: Invalid PEM formatted message.
[2026-04-26 00:39:38] [31merror[39m: Firebase initialization failed: Failed to parse private key: Error: Invalid PEM formatted message.
[2026-04-26 00:39:45] [31merror[39m: Firebase initialization failed: Failed to parse private key: Error: Invalid PEM formatted message.
[2026-04-26 00:50:16] [31merror[39m: Firebase initialization failed: Failed to parse private key: Error: Invalid PEM formatted message.
[2026-04-26 00:54:01] [31merror[39m: Firebase initialization failed: Failed to parse private key: Error: Invalid PEM formatted message.
[2026-04-26 01:31:13] [31merror[39m: Firebase initialization failed: Failed to parse private key: Error: Invalid PEM formatted message.
[2026-04-26 01:33:35] [31merror[39m: Firebase initialization failed: Failed to parse private key: Error: Invalid PEM formatted message.
[2026-04-26 01:44:00] [31merror[39m: Firebase initialization failed: Failed to parse private key: Error: Invalid PEM formatted message.
[2026-04-26 01:44:36] [31merror[39m: Firebase initialization failed: Failed to parse private key: Error: Invalid PEM formatted message.
[2026-04-26 01:46:12] [31merror[39m: Firebase initialization failed: Failed to parse private key: Error: Invalid PEM formatted message.
[2026-04-26 01:50:35] [31merror[39m: Firebase initialization failed: Failed to parse private key: Error: Invalid PEM formatted message.
[2026-04-26 01:51:55] [31merror[39m: Firebase initialization failed: Failed to parse private key: Error: Invalid PEM formatted message.
[2026-04-26 02:08:12] [31merror[39m: Firebase initialization failed: Failed to parse private key: Error: Invalid PEM formatted message.
[2026-04-26 02:08:32] [31merror[39m: Firebase initialization failed: Failed to parse private key: Error: Invalid PEM formatted message.
[2026-04-26 02:10:52] [31merror[39m: Firebase initialization failed: Failed to parse private key: Error: Invalid PEM formatted message.
[2026-04-26 02:12:20] [31merror[39m: Firebase initialization failed: Failed to parse private key: Error: Invalid PEM formatted message.
[2026-04-26 02:17:25] [31merror[39m: Firebase initialization failed: Failed to parse private key: Error: Invalid PEM formatted message.
[2026-04-26 02:20:19] [31merror[39m: Firebase initialization failed: Failed to parse private key: Error: Invalid PEM formatted message.
[2026-04-26 02:29:39] [31merror[39m: Firebase initialization failed: Failed to parse private key: Error: Invalid PEM formatted message.
[2026-04-26 02:44:30] [31merror[39m: Firebase initialization failed: Failed to parse private key: Error: Invalid PEM formatted message.
[2026-04-26 02:57:39] [31merror[39m: Firebase initialization failed: Failed to parse private key: Error: Invalid PEM formatted message.
